<?xml version="1.0" encoding="UTF-8"?>
<testng-results ignored="0" total="1" passed="1" failed="0" skipped="0">
  <reporter-output>
  </reporter-output>
  <suite started-at="2025-03-07T20:41:55 IST" name="Surefire suite" finished-at="2025-03-07T20:42:19 IST" duration-ms="24694">
    <groups>
    </groups>
    <test started-at="2025-03-07T20:41:55 IST" name="Surefire test" finished-at="2025-03-07T20:42:19 IST" duration-ms="24694">
      <class name="TestLogin.TestUserLogin">
        <test-method is-config="true" signature="setDriver()[pri:0, instance:TestLogin.TestUserLogin@76908cc0]" started-at="2025-03-07T20:41:55 IST" name="setDriver" finished-at="2025-03-07T20:42:02 IST" duration-ms="7458" status="PASS">
          <reporter-output>
          </reporter-output>
        </test-method> <!-- setDriver -->
        <test-method signature="testLoginIntoNetwork()[pri:0, instance:TestLogin.TestUserLogin@76908cc0]" started-at="2025-03-07T20:42:02 IST" name="testLoginIntoNetwork" finished-at="2025-03-07T20:42:18 IST" duration-ms="15984" status="PASS">
          <reporter-output>
          </reporter-output>
        </test-method> <!-- testLoginIntoNetwork -->
        <test-method is-config="true" signature="tearDown()[pri:0, instance:TestLogin.TestUserLogin@76908cc0]" started-at="2025-03-07T20:42:18 IST" name="tearDown" finished-at="2025-03-07T20:42:19 IST" duration-ms="1221" status="PASS">
          <reporter-output>
          </reporter-output>
        </test-method> <!-- tearDown -->
      </class> <!-- TestLogin.TestUserLogin -->
    </test> <!-- Surefire test -->
  </suite> <!-- Surefire suite -->
</testng-results>
